[debug] [2023-01-23T11:30:12.514Z] ----------------------------------------------------------------------
[debug] [2023-01-23T11:30:12.521Z] Command:       C:\Program Files\nodejs\node.exe C:\Users\Subham\AppData\Roaming\npm\node_modules\firebase-tools\lib\bin\firebase.js init hosting
[debug] [2023-01-23T11:30:12.522Z] CLI Version:   11.21.0
[debug] [2023-01-23T11:30:12.522Z] Platform:      win32
[debug] [2023-01-23T11:30:12.523Z] Node Version:  v18.13.0
[debug] [2023-01-23T11:30:12.525Z] Time:          Mon Jan 23 2023 17:00:12 GMT+0530 (India Standard Time)
[debug] [2023-01-23T11:30:12.526Z] ----------------------------------------------------------------------
[debug] 
[debug] [2023-01-23T11:30:12.684Z] > command requires scopes: ["email","openid","https://www.googleapis.com/auth/cloudplatformprojects.readonly","https://www.googleapis.com/auth/firebase","https://www.googleapis.com/auth/cloud-platform"]
[debug] [2023-01-23T11:30:12.685Z] > authorizing via signed-in user (subhamdutta96740@gmail.com)
[info] 
     ######## #### ########  ######## ########     ###     ######  ########
     ##        ##  ##     ## ##       ##     ##  ##   ##  ##       ##
     ######    ##  ########  ######   ########  #########  ######  ######
     ##        ##  ##    ##  ##       ##     ## ##     ##       ## ##
     ##       #### ##     ## ######## ########  ##     ##  ######  ########

You're about to initialize a Firebase project in this directory:

  C:\Users\Subham\Desktop\adica\client

Before we get started, keep in mind:

  * You are initializing within an existing Firebase project directory

